  [1m[36mSQL (0.2ms)[0m  [1m SELECT name
 FROM sqlite_master
 WHERE type = 'table' AND NOT name = 'sqlite_sequence'
[0m
  [1m[35mSQL (0.1ms)[0m  select sqlite_version(*)
  [1m[36mSQL (1.0ms)[0m  [1mCREATE TABLE "schema_migrations" ("version" varchar(255) NOT NULL) [0m
  [1m[35mSQL (0.1ms)[0m  PRAGMA index_list("schema_migrations")
  [1m[36mSQL (1.0ms)[0m  [1mCREATE UNIQUE INDEX "unique_schema_migrations" ON "schema_migrations" ("version")[0m
  [1m[35mSQL (0.1ms)[0m   SELECT name
 FROM sqlite_master
 WHERE type = 'table' AND NOT name = 'sqlite_sequence'
  [1m[36mSQL (0.1ms)[0m  [1m SELECT name
 FROM sqlite_master
 WHERE type = 'table' AND NOT name = 'sqlite_sequence'
[0m
  [1m[35mSQL (0.1ms)[0m   SELECT name
 FROM sqlite_master
 WHERE type = 'table' AND NOT name = 'sqlite_sequence'
  [1m[36mSQL (0.0ms)[0m  [1mSELECT "schema_migrations"."version" FROM "schema_migrations"[0m
  [1m[35mSQL (0.1ms)[0m   SELECT name
 FROM sqlite_master
 WHERE type = 'table' AND NOT name = 'sqlite_sequence'
DEPRECATION WARNING: config.action_view.debug_rjs will be removed in 3.1, from 3.1 onwards you will need to install prototype-rails to continue to use RJS templates . (called from service at /Users/sebastianheviaovalle/.rvm/rubies/ruby-2.0.0-p648/lib/ruby/2.0.0/webrick/httpserver.rb:138)


Started GET "/" for 127.0.0.1 at 2019-12-12 15:42:01 -0300
  Processing by ButtonsController#Home as HTML
Rendered buttons/Home.html.erb within layouts/application (4.9ms)
Completed 200 OK in 12ms (Views: 7.9ms | ActiveRecord: 0.0ms)


Started GET "/buttons/Five" for 127.0.0.1 at 2019-12-12 15:42:04 -0300
  Processing by ButtonsController#input as HTML
  Parameters: {"num"=>5}
Rendered buttons/Home.html.erb within layouts/application (19.6ms)
Completed 200 OK in 22ms (Views: 22.1ms | ActiveRecord: 0.0ms)


Started GET "/buttons/Two" for 127.0.0.1 at 2019-12-12 15:42:04 -0300
  Processing by ButtonsController#input as HTML
  Parameters: {"num"=>2}
Rendered buttons/Home.html.erb within layouts/application (4.2ms)
Completed 200 OK in 7ms (Views: 7.1ms | ActiveRecord: 0.0ms)


Started GET "/buttons/Five" for 127.0.0.1 at 2019-12-12 15:42:05 -0300
  Processing by ButtonsController#input as HTML
  Parameters: {"num"=>5}
Rendered buttons/Home.html.erb within layouts/application (4.7ms)
Completed 200 OK in 7ms (Views: 7.0ms | ActiveRecord: 0.0ms)


Started GET "/buttons/Four" for 127.0.0.1 at 2019-12-12 15:42:05 -0300
  Processing by ButtonsController#input as HTML
  Parameters: {"num"=>4}
Rendered buttons/Home.html.erb within layouts/application (4.6ms)
Completed 200 OK in 7ms (Views: 7.0ms | ActiveRecord: 0.0ms)


Started GET "/buttons/Add" for 127.0.0.1 at 2019-12-12 15:42:08 -0300
  Processing by ButtonsController#plus as HTML
Rendered buttons/Home.html.erb within layouts/application (17.9ms)
Completed 200 OK in 22ms (Views: 21.2ms | ActiveRecord: 0.0ms)


Started GET "/buttons/One" for 127.0.0.1 at 2019-12-12 15:42:09 -0300
  Processing by ButtonsController#input as HTML
  Parameters: {"num"=>1}
Rendered buttons/Home.html.erb within layouts/application (5.4ms)
Completed 200 OK in 8ms (Views: 7.9ms | ActiveRecord: 0.0ms)


Started GET "/buttons/Equals" for 127.0.0.1 at 2019-12-12 15:42:10 -0300
  Processing by ButtonsController#equals as HTML
Rendered buttons/Home.html.erb within layouts/application (4.7ms)
Completed 200 OK in 8ms (Views: 7.7ms | ActiveRecord: 0.0ms)
